Grammar

    0 $accept: S $end

    1 S: 'a' S 'c'
    2  | 'b'


Terminals, with rules where they appear

    $end (0) 0
    'a' (97) 1
    'b' (98) 2
    'c' (99) 1
    error (256)


Nonterminals, with rules where they appear

    $accept (6)
        on left: 0
    S (7)
        on left: 1 2
        on right: 0 1


State 0

    0 $accept: • S $end

    'a'  shift, and go to state 1
    'b'  shift, and go to state 2

    S  go to state 3


State 1

    1 S: 'a' • S 'c'

    'a'  shift, and go to state 1
    'b'  shift, and go to state 2

    S  go to state 4


State 2

    2 S: 'b' •

    $default  reduce using rule 2 (S)


State 3

    0 $accept: S • $end

    $end  shift, and go to state 5


State 4

    1 S: 'a' S • 'c'

    'c'  shift, and go to state 6


State 5

    0 $accept: S $end •

    $default  accept


State 6

    1 S: 'a' S 'c' •

    $default  reduce using rule 1 (S)
