Grammar

    0 $accept: S $end

    1 S: INTEIRO S
    2  | ε


Terminals, with rules where they appear

    $end (0) 0
    error (256)
    INTEIRO (258) 1


Nonterminals, with rules where they appear

    $accept (4)
        on left: 0
    S (5)
        on left: 1 2
        on right: 0 1


State 0

    0 $accept: • S $end

    INTEIRO  shift, and go to state 1

    $default  reduce using rule 2 (S)

    S  go to state 2


State 1

    1 S: INTEIRO • S

    INTEIRO  shift, and go to state 1

    $default  reduce using rule 2 (S)

    S  go to state 3


State 2

    0 $accept: S • $end

    $end  shift, and go to state 4


State 3

    1 S: INTEIRO S •

    $default  reduce using rule 1 (S)


State 4

    0 $accept: S $end •

    $default  accept
